<?xml version="1.0" encoding="UTF-8"?>
<!-- Generated by org.testng.reporters.JUnitXMLReporter -->
<testsuite hostname="PQTE156" ignored="0" name="bootcamp_maven" tests="5" failures="0" timestamp="27 jul 2017 16:28:31 GMT" time="45.693" errors="0">
  <testcase name="NOK_LogInEmptyEmailAddress" time="1.612" classname="chapterNine.NOK_LogInTest"/>
  <testcase name="NOK_LogInEmptyFields" time="1.336" classname="chapterNine.NOK_LogInTest"/>
  <testcase name="NOK_LogInEmptyPassword" time="1.425" classname="chapterNine.NOK_LogInTest"/>
  <testcase name="NOK_LogInWrongEmailAddress" time="2.224" classname="chapterNine.NOK_LogInTest"/>
  <testcase name="NOK_LogInWrongPassword" time="1.511" classname="chapterNine.NOK_LogInTest"/>
</testsuite> <!-- bootcamp_maven -->
