<?xml version="1.0" encoding="UTF-8"?>
<!-- Generated by org.testng.reporters.JUnitXMLReporter -->
<testsuite hostname="PQTE156" ignored="3" name="bootcamp_maven" tests="1" failures="0" timestamp="28 jul 2017 09:31:48 GMT" time="2.555" errors="0">
  <testcase name="testUrlParam2" time="2.518" classname="API.GetExample"/>
  <testcase name="checkValueInResponse" time="0.0" classname="API.GetExample">
    <ignored/>
  </testcase> <!-- checkValueInResponse -->
  <testcase name="testUrlParam" time="0.0" classname="API.GetExample">
    <ignored/>
  </testcase> <!-- testUrlParam -->
  <testcase name="getCurrentF1Results" time="0.0" classname="API.GetExample">
    <ignored/>
  </testcase> <!-- getCurrentF1Results -->
</testsuite> <!-- bootcamp_maven -->
