<?xml version="1.0" encoding="UTF-8"?>
<testng-results skipped="0" failed="0" ignored="3" total="4" passed="1">
  <reporter-output>
  </reporter-output>
  <suite name="Default Suite" duration-ms="2555" started-at="2017-07-28T09:31:46Z" finished-at="2017-07-28T09:31:48Z">
    <groups>
    </groups>
    <test name="bootcamp_maven" duration-ms="2555" started-at="2017-07-28T09:31:46Z" finished-at="2017-07-28T09:31:48Z">
      <class name="API.GetExample">
        <test-method status="PASS" signature="testUrlParam2()[pri:0, instance:API.GetExample@34ce8af7]" name="testUrlParam2" duration-ms="2518" started-at="2017-07-28T11:31:46Z" finished-at="2017-07-28T11:31:48Z">
          <reporter-output>
          </reporter-output>
        </test-method> <!-- testUrlParam2 -->
      </class> <!-- API.GetExample -->
    </test> <!-- bootcamp_maven -->
  </suite> <!-- Default Suite -->
</testng-results>
